0 silly argv {
0 silly argv   _: [ 'import' ],
0 silly argv   dest: 'packages',
0 silly argv   lernaVersion: '3.22.0',
0 silly argv   '$0': 'lerna',
0 silly argv   dir: '../npm3/'
0 silly argv }
1 notice cli v3.22.0
2 verbose rootPath /Users/bytedance/Desktop/works/my-lerna-repo
3 error Error: Cannot find module '/Users/bytedance/Desktop/works/npm3/package.json'
3 error Require stack:
3 error - /Users/bytedance/.nvm/versions/node/v12.16.2/lib/node_modules/lerna/node_modules/@lerna/import/index.js
3 error - /Users/bytedance/.nvm/versions/node/v12.16.2/lib/node_modules/lerna/node_modules/@lerna/import/command.js
3 error - /Users/bytedance/.nvm/versions/node/v12.16.2/lib/node_modules/lerna/index.js
3 error - /Users/bytedance/.nvm/versions/node/v12.16.2/lib/node_modules/lerna/cli.js
3 error     at Function.Module._resolveFilename (internal/modules/cjs/loader.js:980:15)
3 error     at Function.Module._load (internal/modules/cjs/loader.js:862:27)
3 error     at Module.require (internal/modules/cjs/loader.js:1042:19)
3 error     at require (internal/modules/cjs/helpers.js:77:18)
3 error     at ImportCommand.initialize (/Users/bytedance/.nvm/versions/node/v12.16.2/lib/node_modules/lerna/node_modules/@lerna/import/index.js:57:25)
